171 10
148 9
76 2
187 7
121 2
48 6
102 4
81 10
34 10
3 4
162 3
10 6
176 1
93 1
115 2
52 1
27 5
156 2
109 2
64 2
184 10
122 2
107 3
31 1
6 9
201 1
191 10
146 7
133 2
167 6
15 1
175 5
139 1
90 2
72 5
183 7
125 2
151 7
63 4
38 8
189 10
46 2
104 10
87 4
69 9
32 1
5 3
194 7
143 10
136 10
168 5
111 2
56 1
23 7
170 1
149 7
95 10
77 1
180 2
126 9
103 7
80 4
2 10
128 3
41 1
163 3
28 1
11 4
179 2
140 5
114 2
26 5
155 2
89 5
67 2
185 7
123 2
83 9
36 10
1 5
190 2
147 9
132 3
164 4
174 4
138 10
73 3
50 2
25 3
150 3
62 9
39 9
45 3
105 3
68 3
4 4
193 5
144 7
131 3
98 10
169 10
110 4
57 10
22 1
173 6
96 10
74 5
181 1
127 6
153 1
61 2
129 1
40 3
160 10
119 3
178 4
141 9
134 1
113 4
21 6
18 10
154 4
66 8
186 10
120 8
101 3
82 10
37 2
43 6
165 3
177 2
92 2
70 3
51 1
24 8
157 1
108 7
65 3
9 2
44 4
159 4
106 4
85 3
30 3
7 10
192 5
145 10
130 4
99 5
166 9
58 1
14 2
97 10
75 4
124 4
152 4
60 7
188 10
47 1
161 7
118 10
13 1
195 7
142 2
137 7
112 4
55 10
20 5
19 2
18619
