202 202
171winners10copies
win a copy of172because of171
win a copy of173because of171
win a copy of174because of171
win a copy of175because of171
win a copy of176because of171
win a copy of177because of171
win a copy of178because of171
win a copy of179because of171
win a copy of180because of171
win a copy of181because of171
171 1 10 
148winners9copies
win a copy of149because of148
win a copy of150because of148
win a copy of151because of148
win a copy of152because of148
win a copy of153because of148
win a copy of154because of148
win a copy of155because of148
win a copy of156because of148
win a copy of157because of148
148 1 9 
76winners2copies
win a copy of77because of76
win a copy of78because of76
76 1 2 
187winners7copies
win a copy of188because of187
win a copy of189because of187
win a copy of190because of187
win a copy of191because of187
win a copy of192because of187
win a copy of193because of187
win a copy of194because of187
187 1 7 
121winners2copies
win a copy of122because of121
win a copy of123because of121
121 1 2 
48winners6copies
win a copy of49because of48
win a copy of50because of48
win a copy of51because of48
win a copy of52because of48
win a copy of53because of48
win a copy of54because of48
48 1 6 
102winners4copies
win a copy of103because of102
win a copy of104because of102
win a copy of105because of102
win a copy of106because of102
102 1 4 
81winners10copies
win a copy of82because of81
win a copy of83because of81
win a copy of84because of81
win a copy of85because of81
win a copy of86because of81
win a copy of87because of81
win a copy of88because of81
win a copy of89because of81
win a copy of90because of81
win a copy of91because of81
81 1 10 
34winners10copies
win a copy of35because of34
win a copy of36because of34
win a copy of37because of34
win a copy of38because of34
win a copy of39because of34
win a copy of40because of34
win a copy of41because of34
win a copy of42because of34
win a copy of43because of34
win a copy of44because of34
34 1 10 
3winners4copies
win a copy of4because of3
win a copy of5because of3
win a copy of6because of3
win a copy of7because of3
3 1 4 
162winners3copies
win a copy of163because of162
win a copy of164because of162
win a copy of165because of162
162 1 3 
10winners6copies
win a copy of11because of10
win a copy of12because of10
win a copy of13because of10
win a copy of14because of10
win a copy of15because of10
win a copy of16because of10
10 1 6 
176winners1copies1
win a copy of177because of176
176 2 1 1
93winners1copies
win a copy of94because of93
93 1 1 
115winners2copies
win a copy of116because of115
win a copy of117because of115
115 1 2 
52winners1copies1
win a copy of53because of52
52 2 1 1
27winners5copies
win a copy of28because of27
win a copy of29because of27
win a copy of30because of27
win a copy of31because of27
win a copy of32because of27
27 1 5 
156winners2copies1
win a copy of157because of156
win a copy of158because of156
156 2 2 1
109winners2copies
win a copy of110because of109
win a copy of111because of109
109 1 2 
64winners2copies
win a copy of65because of64
win a copy of66because of64
64 1 2 
184winners10copies
win a copy of185because of184
win a copy of186because of184
win a copy of187because of184
win a copy of188because of184
win a copy of189because of184
win a copy of190because of184
win a copy of191because of184
win a copy of192because of184
win a copy of193because of184
win a copy of194because of184
184 1 10 
122winners2copies1
win a copy of123because of122
win a copy of124because of122
122 2 2 1
107winners3copies
win a copy of108because of107
win a copy of109because of107
win a copy of110because of107
107 1 3 
31winners1copies1
win a copy of32because of31
31 2 1 1
6winners9copies1
win a copy of7because of6
win a copy of8because of6
win a copy of9because of6
win a copy of10because of6
win a copy of11because of6
win a copy of12because of6
win a copy of13because of6
win a copy of14because of6
win a copy of15because of6
6 2 9 1
201winners1copies
win a copy of202because of201
201 1 1 
191winners10copies2
win a copy of192because of191
win a copy of193because of191
win a copy of194because of191
win a copy of195because of191
win a copy of196because of191
win a copy of197because of191
win a copy of198because of191
win a copy of199because of191
win a copy of200because of191
win a copy of201because of191
191 3 10 2
146winners7copies
win a copy of147because of146
win a copy of148because of146
win a copy of149because of146
win a copy of150because of146
win a copy of151because of146
win a copy of152because of146
win a copy of153because of146
146 1 7 
133winners2copies
win a copy of134because of133
win a copy of135because of133
133 1 2 
167winners6copies
win a copy of168because of167
win a copy of169because of167
win a copy of170because of167
win a copy of171because of167
win a copy of172because of167
win a copy of173because of167
167 1 6 
15winners1copies4
win a copy of16because of15
15 5 1 4
175winners5copies1
win a copy of176because of175
win a copy of177because of175
win a copy of178because of175
win a copy of179because of175
win a copy of180because of175
175 2 5 1
139winners1copies
win a copy of140because of139
139 1 1 
90winners2copies1
win a copy of91because of90
win a copy of92because of90
90 2 2 1
72winners5copies
win a copy of73because of72
win a copy of74because of72
win a copy of75because of72
win a copy of76because of72
win a copy of77because of72
72 1 5 
183winners7copies
win a copy of184because of183
win a copy of185because of183
win a copy of186because of183
win a copy of187because of183
win a copy of188because of183
win a copy of189because of183
win a copy of190because of183
183 1 7 
125winners2copies
win a copy of126because of125
win a copy of127because of125
125 1 2 
151winners7copies2
win a copy of152because of151
win a copy of153because of151
win a copy of154because of151
win a copy of155because of151
win a copy of156because of151
win a copy of157because of151
win a copy of158because of151
151 3 7 2
63winners4copies
win a copy of64because of63
win a copy of65because of63
win a copy of66because of63
win a copy of67because of63
63 1 4 
38winners8copies1
win a copy of39because of38
win a copy of40because of38
win a copy of41because of38
win a copy of42because of38
win a copy of43because of38
win a copy of44because of38
win a copy of45because of38
win a copy of46because of38
38 2 8 1
189winners10copies3
win a copy of190because of189
win a copy of191because of189
win a copy of192because of189
win a copy of193because of189
win a copy of194because of189
win a copy of195because of189
win a copy of196because of189
win a copy of197because of189
win a copy of198because of189
win a copy of199because of189
189 4 10 3
46winners2copies3
win a copy of47because of46
win a copy of48because of46
46 4 2 3
104winners10copies1
win a copy of105because of104
win a copy of106because of104
win a copy of107because of104
win a copy of108because of104
win a copy of109because of104
win a copy of110because of104
win a copy of111because of104
win a copy of112because of104
win a copy of113because of104
win a copy of114because of104
104 2 10 1
87winners4copies1
win a copy of88because of87
win a copy of89because of87
win a copy of90because of87
win a copy of91because of87
87 2 4 1
69winners9copies
win a copy of70because of69
win a copy of71because of69
win a copy of72because of69
win a copy of73because of69
win a copy of74because of69
win a copy of75because of69
win a copy of76because of69
win a copy of77because of69
win a copy of78because of69
69 1 9 
32winners1copies4
win a copy of33because of32
32 5 1 4
5winners3copies1
win a copy of6because of5
win a copy of7because of5
win a copy of8because of5
5 2 3 1
194winners7copies14
win a copy of195because of194
win a copy of196because of194
win a copy of197because of194
win a copy of198because of194
win a copy of199because of194
win a copy of200because of194
win a copy of201because of194
194 15 7 14
143winners10copies
win a copy of144because of143
win a copy of145because of143
win a copy of146because of143
win a copy of147because of143
win a copy of148because of143
win a copy of149because of143
win a copy of150because of143
win a copy of151because of143
win a copy of152because of143
win a copy of153because of143
143 1 10 
136winners10copies
win a copy of137because of136
win a copy of138because of136
win a copy of139because of136
win a copy of140because of136
win a copy of141because of136
win a copy of142because of136
win a copy of143because of136
win a copy of144because of136
win a copy of145because of136
win a copy of146because of136
136 1 10 
168winners5copies1
win a copy of169because of168
win a copy of170because of168
win a copy of171because of168
win a copy of172because of168
win a copy of173because of168
168 2 5 1
111winners2copies4
win a copy of112because of111
win a copy of113because of111
111 5 2 4
56winners1copies
win a copy of57because of56
56 1 1 
23winners7copies
win a copy of24because of23
win a copy of25because of23
win a copy of26because of23
win a copy of27because of23
win a copy of28because of23
win a copy of29because of23
win a copy of30because of23
23 1 7 
170winners1copies4
win a copy of171because of170
170 5 1 4
149winners7copies3
win a copy of150because of149
win a copy of151because of149
win a copy of152because of149
win a copy of153because of149
win a copy of154because of149
win a copy of155because of149
win a copy of156because of149
149 4 7 3
95winners10copies
win a copy of96because of95
win a copy of97because of95
win a copy of98because of95
win a copy of99because of95
win a copy of100because of95
win a copy of101because of95
win a copy of102because of95
win a copy of103because of95
win a copy of104because of95
win a copy of105because of95
95 1 10 
77winners1copies3
win a copy of78because of77
77 4 1 3
180winners2copies4
win a copy of181because of180
win a copy of182because of180
180 5 2 4
126winners9copies1
win a copy of127because of126
win a copy of128because of126
win a copy of129because of126
win a copy of130because of126
win a copy of131because of126
win a copy of132because of126
win a copy of133because of126
win a copy of134because of126
win a copy of135because of126
126 2 9 1
103winners7copies2
win a copy of104because of103
win a copy of105because of103
win a copy of106because of103
win a copy of107because of103
win a copy of108because of103
win a copy of109because of103
win a copy of110because of103
103 3 7 2
80winners4copies
win a copy of81because of80
win a copy of82because of80
win a copy of83because of80
win a copy of84because of80
80 1 4 
2winners10copies
win a copy of3because of2
win a copy of4because of2
win a copy of5because of2
win a copy of6because of2
win a copy of7because of2
win a copy of8because of2
win a copy of9because of2
win a copy of10because of2
win a copy of11because of2
win a copy of12because of2
2 1 10 
128winners3copies3
win a copy of129because of128
win a copy of130because of128
win a copy of131because of128
128 4 3 3
41winners1copies4
win a copy of42because of41
41 5 1 4
163winners3copies1
win a copy of164because of163
win a copy of165because of163
win a copy of166because of163
163 2 3 1
28winners1copies2
win a copy of29because of28
28 3 1 2
11winners4copies5
win a copy of12because of11
win a copy of13because of11
win a copy of14because of11
win a copy of15because of11
11 6 4 5
179winners2copies4
win a copy of180because of179
win a copy of181because of179
179 5 2 4
140winners5copies2
win a copy of141because of140
win a copy of142because of140
win a copy of143because of140
win a copy of144because of140
win a copy of145because of140
140 3 5 2
114winners2copies3
win a copy of115because of114
win a copy of116because of114
114 4 2 3
26winners5copies1
win a copy of27because of26
win a copy of28because of26
win a copy of29because of26
win a copy of30because of26
win a copy of31because of26
26 2 5 1
155winners2copies13
win a copy of156because of155
win a copy of157because of155
155 14 2 13
89winners5copies4
win a copy of90because of89
win a copy of91because of89
win a copy of92because of89
win a copy of93because of89
win a copy of94because of89
89 5 5 4
67winners2copies1
win a copy of68because of67
win a copy of69because of67
67 2 2 1
185winners7copies2
win a copy of186because of185
win a copy of187because of185
win a copy of188because of185
win a copy of189because of185
win a copy of190because of185
win a copy of191because of185
win a copy of192because of185
185 3 7 2
123winners2copies4
win a copy of124because of123
win a copy of125because of123
123 5 2 4
83winners9copies2
win a copy of84because of83
win a copy of85because of83
win a copy of86because of83
win a copy of87because of83
win a copy of88because of83
win a copy of89because of83
win a copy of90because of83
win a copy of91because of83
win a copy of92because of83
83 3 9 2
36winners10copies1
win a copy of37because of36
win a copy of38because of36
win a copy of39because of36
win a copy of40because of36
win a copy of41because of36
win a copy of42because of36
win a copy of43because of36
win a copy of44because of36
win a copy of45because of36
win a copy of46because of36
36 2 10 1
1winners5copies
win a copy of2because of1
win a copy of3because of1
win a copy of4because of1
win a copy of5because of1
win a copy of6because of1
1 1 5 
190winners2copies15
win a copy of191because of190
win a copy of192because of190
190 16 2 15
147winners9copies2
win a copy of148because of147
win a copy of149because of147
win a copy of150because of147
win a copy of151because of147
win a copy of152because of147
win a copy of153because of147
win a copy of154because of147
win a copy of155because of147
win a copy of156because of147
147 3 9 2
132winners3copies3
win a copy of133because of132
win a copy of134because of132
win a copy of135because of132
132 4 3 3
164winners4copies4
win a copy of165because of164
win a copy of166because of164
win a copy of167because of164
win a copy of168because of164
164 5 4 4
174winners4copies1
win a copy of175because of174
win a copy of176because of174
win a copy of177because of174
win a copy of178because of174
174 2 4 1
138winners10copies1
win a copy of139because of138
win a copy of140because of138
win a copy of141because of138
win a copy of142because of138
win a copy of143because of138
win a copy of144because of138
win a copy of145because of138
win a copy of146because of138
win a copy of147because of138
win a copy of148because of138
138 2 10 1
73winners3copies2
win a copy of74because of73
win a copy of75because of73
win a copy of76because of73
73 3 3 2
50winners2copies1
win a copy of51because of50
win a copy of52because of50
50 2 2 1
25winners3copies1
win a copy of26because of25
win a copy of27because of25
win a copy of28because of25
25 2 3 1
150winners3copies15
win a copy of151because of150
win a copy of152because of150
win a copy of153because of150
150 16 3 15
62winners9copies
win a copy of63because of62
win a copy of64because of62
win a copy of65because of62
win a copy of66because of62
win a copy of67because of62
win a copy of68because of62
win a copy of69because of62
win a copy of70because of62
win a copy of71because of62
62 1 9 
39winners9copies7
win a copy of40because of39
win a copy of41because of39
win a copy of42because of39
win a copy of43because of39
win a copy of44because of39
win a copy of45because of39
win a copy of46because of39
win a copy of47because of39
win a copy of48because of39
39 8 9 7
45winners3copies21
win a copy of46because of45
win a copy of47because of45
win a copy of48because of45
45 22 3 21
105winners3copies10
win a copy of106because of105
win a copy of107because of105
win a copy of108because of105
105 11 3 10
68winners3copies4
win a copy of69because of68
win a copy of70because of68
win a copy of71because of68
68 5 3 4
4winners4copies3
win a copy of5because of4
win a copy of6because of4
win a copy of7because of4
win a copy of8because of4
4 4 4 3
193winners5copies14
win a copy of194because of193
win a copy of195because of193
win a copy of196because of193
win a copy of197because of193
win a copy of198because of193
193 15 5 14
144winners7copies10
win a copy of145because of144
win a copy of146because of144
win a copy of147because of144
win a copy of148because of144
win a copy of149because of144
win a copy of150because of144
win a copy of151because of144
144 11 7 10
131winners3copies10
win a copy of132because of131
win a copy of133because of131
win a copy of134because of131
131 11 3 10
98winners10copies1
win a copy of99because of98
win a copy of100because of98
win a copy of101because of98
win a copy of102because of98
win a copy of103because of98
win a copy of104because of98
win a copy of105because of98
win a copy of106because of98
win a copy of107because of98
win a copy of108because of98
98 2 10 1
169winners10copies4
win a copy of170because of169
win a copy of171because of169
win a copy of172because of169
win a copy of173because of169
win a copy of174because of169
win a copy of175because of169
win a copy of176because of169
win a copy of177because of169
win a copy of178because of169
win a copy of179because of169
169 5 10 4
110winners4copies10
win a copy of111because of110
win a copy of112because of110
win a copy of113because of110
win a copy of114because of110
110 11 4 10
57winners10copies1
win a copy of58because of57
win a copy of59because of57
win a copy of60because of57
win a copy of61because of57
win a copy of62because of57
win a copy of63because of57
win a copy of64because of57
win a copy of65because of57
win a copy of66because of57
win a copy of67because of57
57 2 10 1
22winners1copies
win a copy of23because of22
22 1 1 
173winners6copies14
win a copy of174because of173
win a copy of175because of173
win a copy of176because of173
win a copy of177because of173
win a copy of178because of173
win a copy of179because of173
173 15 6 14
96winners10copies1
win a copy of97because of96
win a copy of98because of96
win a copy of99because of96
win a copy of100because of96
win a copy of101because of96
win a copy of102because of96
win a copy of103because of96
win a copy of104because of96
win a copy of105because of96
win a copy of106because of96
96 2 10 1
74winners5copies7
win a copy of75because of74
win a copy of76because of74
win a copy of77because of74
win a copy of78because of74
win a copy of79because of74
74 8 5 7
181winners1copies19
win a copy of182because of181
181 20 1 19
127winners6copies4
win a copy of128because of127
win a copy of129because of127
win a copy of130because of127
win a copy of131because of127
win a copy of132because of127
win a copy of133because of127
127 5 6 4
153winners1copies51
win a copy of154because of153
153 52 1 51
61winners2copies3
win a copy of62because of61
win a copy of63because of61
61 4 2 3
129winners1copies19
win a copy of130because of129
129 20 1 19
40winners3copies22
win a copy of41because of40
win a copy of42because of40
win a copy of43because of40
40 23 3 22
160winners10copies
win a copy of161because of160
win a copy of162because of160
win a copy of163because of160
win a copy of164because of160
win a copy of165because of160
win a copy of166because of160
win a copy of167because of160
win a copy of168because of160
win a copy of169because of160
win a copy of170because of160
160 1 10 
119winners3copies
win a copy of120because of119
win a copy of121because of119
win a copy of122because of119
119 1 3 
178winners4copies45
win a copy of179because of178
win a copy of180because of178
win a copy of181because of178
win a copy of182because of178
178 46 4 45
141winners9copies9
win a copy of142because of141
win a copy of143because of141
win a copy of144because of141
win a copy of145because of141
win a copy of146because of141
win a copy of147because of141
win a copy of148because of141
win a copy of149because of141
win a copy of150because of141
141 10 9 9
134winners1copies32
win a copy of135because of134
134 33 1 32
113winners4copies33
win a copy of114because of113
win a copy of115because of113
win a copy of116because of113
win a copy of117because of113
113 34 4 33
21winners6copies
win a copy of22because of21
win a copy of23because of21
win a copy of24because of21
win a copy of25because of21
win a copy of26because of21
win a copy of27because of21
21 1 6 
18winners10copies
win a copy of19because of18
win a copy of20because of18
win a copy of21because of18
win a copy of22because of18
win a copy of23because of18
win a copy of24because of18
win a copy of25because of18
win a copy of26because of18
win a copy of27because of18
win a copy of28because of18
18 1 10 
154winners4copies121
win a copy of155because of154
win a copy of156because of154
win a copy of157because of154
win a copy of158because of154
154 122 4 121
66winners8copies6
win a copy of67because of66
win a copy of68because of66
win a copy of69because of66
win a copy of70because of66
win a copy of71because of66
win a copy of72because of66
win a copy of73because of66
win a copy of74because of66
66 7 8 6
186winners10copies7
win a copy of187because of186
win a copy of188because of186
win a copy of189because of186
win a copy of190because of186
win a copy of191because of186
win a copy of192because of186
win a copy of193because of186
win a copy of194because of186
win a copy of195because of186
win a copy of196because of186
186 8 10 7
120winners8copies1
win a copy of121because of120
win a copy of122because of120
win a copy of123because of120
win a copy of124because of120
win a copy of125because of120
win a copy of126because of120
win a copy of127because of120
win a copy of128because of120
120 2 8 1
101winners3copies7
win a copy of102because of101
win a copy of103because of101
win a copy of104because of101
101 8 3 7
82winners10copies2
win a copy of83because of82
win a copy of84because of82
win a copy of85because of82
win a copy of86because of82
win a copy of87because of82
win a copy of88because of82
win a copy of89because of82
win a copy of90because of82
win a copy of91because of82
win a copy of92because of82
82 3 10 2
37winners2copies4
win a copy of38because of37
win a copy of39because of37
37 5 2 4
43winners6copies67
win a copy of44because of43
win a copy of45because of43
win a copy of46because of43
win a copy of47because of43
win a copy of48because of43
win a copy of49because of43
43 68 6 67
165winners3copies14
win a copy of166because of165
win a copy of167because of165
win a copy of168because of165
165 15 3 14
177winners2copies48
win a copy of178because of177
win a copy of179because of177
177 49 2 48
92winners2copies22
win a copy of93because of92
win a copy of94because of92
92 23 2 22
70winners3copies24
win a copy of71because of70
win a copy of72because of70
win a copy of73because of70
70 25 3 24
51winners1copies4
win a copy of52because of51
51 5 1 4
24winners8copies3
win a copy of25because of24
win a copy of26because of24
win a copy of27because of24
win a copy of28because of24
win a copy of29because of24
win a copy of30because of24
win a copy of31because of24
win a copy of32because of24
24 4 8 3
157winners1copies279
win a copy of158because of157
157 280 1 279
108winners7copies33
win a copy of109because of108
win a copy of110because of108
win a copy of111because of108
win a copy of112because of108
win a copy of113because of108
win a copy of114because of108
win a copy of115because of108
108 34 7 33
65winners3copies6
win a copy of66because of65
win a copy of67because of65
win a copy of68because of65
65 7 3 6
9winners2copies4
win a copy of10because of9
win a copy of11because of9
9 5 2 4
44winners4copies157
win a copy of45because of44
win a copy of46because of44
win a copy of47because of44
win a copy of48because of44
44 158 4 157
159winners4copies
win a copy of160because of159
win a copy of161because of159
win a copy of162because of159
win a copy of163because of159
159 1 4 
106winners4copies36
win a copy of107because of106
win a copy of108because of106
win a copy of109because of106
win a copy of110because of106
106 37 4 36
85winners3copies11
win a copy of86because of85
win a copy of87because of85
win a copy of88because of85
85 12 3 11
30winners3copies12
win a copy of31because of30
win a copy of32because of30
win a copy of33because of30
30 13 3 12
7winners10copies15
win a copy of8because of7
win a copy of9because of7
win a copy of10because of7
win a copy of11because of7
win a copy of12because of7
win a copy of13because of7
win a copy of14because of7
win a copy of15because of7
win a copy of16because of7
win a copy of17because of7
7 16 10 15
192winners5copies65
win a copy of193because of192
win a copy of194because of192
win a copy of195because of192
win a copy of196because of192
win a copy of197because of192
192 66 5 65
145winners10copies50
win a copy of146because of145
win a copy of147because of145
win a copy of148because of145
win a copy of149because of145
win a copy of150because of145
win a copy of151because of145
win a copy of152because of145
win a copy of153because of145
win a copy of154because of145
win a copy of155because of145
145 51 10 50
130winners4copies58
win a copy of131because of130
win a copy of132because of130
win a copy of133because of130
win a copy of134because of130
130 59 4 58
99winners5copies7
win a copy of100because of99
win a copy of101because of99
win a copy of102because of99
win a copy of103because of99
win a copy of104because of99
99 8 5 7
166winners9copies42
win a copy of167because of166
win a copy of168because of166
win a copy of169because of166
win a copy of170because of166
win a copy of171because of166
win a copy of172because of166
win a copy of173because of166
win a copy of174because of166
win a copy of175because of166
166 43 9 42
58winners1copies3
win a copy of59because of58
58 4 1 3
14winners2copies46
win a copy of15because of14
win a copy of16because of14
14 47 2 46
97winners10copies4
win a copy of98because of97
win a copy of99because of97
win a copy of100because of97
win a copy of101because of97
win a copy of102because of97
win a copy of103because of97
win a copy of104because of97
win a copy of105because of97
win a copy of106because of97
win a copy of107because of97
97 5 10 4
75winners4copies22
win a copy of76because of75
win a copy of77because of75
win a copy of78because of75
win a copy of79because of75
75 23 4 22
124winners4copies15
win a copy of125because of124
win a copy of126because of124
win a copy of127because of124
win a copy of128because of124
124 16 4 15
152winners4copies152
win a copy of153because of152
win a copy of154because of152
win a copy of155because of152
win a copy of156because of152
152 153 4 152
60winners7copies3
win a copy of61because of60
win a copy of62because of60
win a copy of63because of60
win a copy of64because of60
win a copy of65because of60
win a copy of66because of60
win a copy of67because of60
60 4 7 3
188winners10copies23
win a copy of189because of188
win a copy of190because of188
win a copy of191because of188
win a copy of192because of188
win a copy of193because of188
win a copy of194because of188
win a copy of195because of188
win a copy of196because of188
win a copy of197because of188
win a copy of198because of188
188 24 10 23
47winners1copies515
win a copy of48because of47
47 516 1 515
161winners7copies2
win a copy of162because of161
win a copy of163because of161
win a copy of164because of161
win a copy of165because of161
win a copy of166because of161
win a copy of167because of161
win a copy of168because of161
161 3 7 2
118winners10copies
win a copy of119because of118
win a copy of120because of118
win a copy of121because of118
win a copy of122because of118
win a copy of123because of118
win a copy of124because of118
win a copy of125because of118
win a copy of126because of118
win a copy of127because of118
win a copy of128because of118
118 1 10 
13winners1copies46
win a copy of14because of13
13 47 1 46
195winners7copies263
win a copy of196because of195
win a copy of197because of195
win a copy of198because of195
win a copy of199because of195
win a copy of200because of195
win a copy of201because of195
win a copy of202because of195
195 264 7 263
142winners2copies28
win a copy of143because of142
win a copy of144because of142
142 29 2 28
137winners7copies1
win a copy of138because of137
win a copy of139because of137
win a copy of140because of137
win a copy of141because of137
win a copy of142because of137
win a copy of143because of137
win a copy of144because of137
137 2 7 1
112winners4copies100
win a copy of113because of112
win a copy of114because of112
win a copy of115because of112
win a copy of116because of112
112 101 4 100
55winners10copies
win a copy of56because of55
win a copy of57because of55
win a copy of58because of55
win a copy of59because of55
win a copy of60because of55
win a copy of61because of55
win a copy of62because of55
win a copy of63because of55
win a copy of64because of55
win a copy of65because of55
55 1 10 
20winners5copies1
win a copy of21because of20
win a copy of22because of20
win a copy of23because of20
win a copy of24because of20
win a copy of25because of20
20 2 5 1
19winners2copies1
win a copy of20because of19
win a copy of21because of19
19 2 2 1
3016
