720
515
286
895
910
956
971
846
968
253
730
574
798
555
980
43
239
495
638
111
490
124
807
176
820
144
745
775
509
85
574
744
586
759
541
930
831
494
44
870
834
675
23
391
17
500
329
19
704
61
334
817
302
367
663
628
652
130
885
228
183
169
836
230
45
200
920
865
60
901
766
815
410
623
183
28
460
861
151
759
84
928
906
470
148
636
387
187
741
308
413
362
220
553
359
373
706
518
274
688
279
441
320
596
989
108
139
216
399
506
282
344
610
462
876
287
230
633
221
111
235
377
319
503
402
224
992
945
891
312
747
350
147
483
613
880
177
146
409
981
246
790
440
860
205
421
791
652
456
140
511
762
596
656
959
292
476
276
167
108
819
845
950
577
533
323
12
348
570
308
765
558
530
992
512
560
755
896
813
763
424
922
445
99
88
803
14
440
139
155
417
911
383
434
345
763
279
6
814
147
856
82
619
668
448
710
25
427
740
44
608
809
119
86
724
924
240
945
578
565
749
342
338
786
305
627
924
135
786
911
193
862
337
879
681
598
646
105
682
683
53
750
787
899
230
792
779
918
955
731
233
496
109
905
550
675
581
204
146
171
162
944
613
563
321
648
278
519
558
573
134
260
815
20
286
100
261
850
872
971
669
733
610
983
801
601
484
109
317
424
298
976
316
201
935
22
137
557
4
745
286
989
582
277
335
520
281
940
970
318
281
216
361
178
725
548
190
57
131
436
375
168
305
435
674
245
404
270
812
707
440
318
525
540
799
344
432
730
927
785
509
45
849
993
362
541
187
393
365
442
105
256
568
98
427
718
500
692
547
753
652
836
333
144
593
540
968
822
450
518
442
521
884
303
85
483
594
278
674
844
435
837
333
849
607
177
302
519
270
174
579
66
425
205
833
672
269
440
771
446
134
527
14
910
845
113
579
171
287
828
726
83
264
188
765
359
182
380
830
989
246
260
452
246
466
915
417
558
961
203
690
424
797
363
813
340
260
608
565
856
576
159
691
23
562
373
235
962
311
129
354
33
140
910
613
544
420
903
825
139
819
595
349
746
264
607
879
259
609
619
68
45
560
723
171
12
277
563
39
428
551
962
620
776
626
370
807
820
842
562
646
48
412
684
754
143
77
225
152
241
628
462
926
990
439
352
615
633
996
388
516
107
743
970
564
790
239
211
342
521
788
265
486
82
731
230
50
480
8
507
660
103
762
436
523
250
916
439
553
466
553
699
3
695
923
867
971
669
605
272
175
836
15
257
579
877
330
141
881
400
453
509
879
99
300
882
670
712
119
473
290
630
510
959
189
123
394
329
208
583
785
402
521
7
564
555
430
630
854
676
980
531
139
5
969
338
508
843
118
999
915
755
501
766
3
792
706
501
442
469
332
327
661
900
986
705
884
290
177
531
632
802
936
39
952
483
553
544
340
396
149
405
555
98
313
834
409
266
29
830
748
457
592
310
138
197
169
387
923
598
50
178
236
865
134
436
772
688
850
66
796
897
679
170
784
463
871
338
16
876
368
270
682
129
802
505
822
834
575
309
577
6
926
632
105
960
480
293
686
759
13
507
42
919
928
584
12
661
535
788
936
314
417
492
654
143
476
73
317
511
861
919
704
853
396
772
407
499
393
317
262
72
418
661
466
387
300
688
895
25
268
253
16
665
936
451
222
299
498
669
652
218
567
226
188
510
717
53
474
906
206
479
599
598
904
808
876
295
998
34
348
499
681
452
407
971
721
129
508
744
17
136
635
310
487
746
964
639
314
471
768
640
387
420
975
230
389
372
799
678
661
531
460
97
943
424
803
529
264
810
810
183
429
730
52
709
896
696
481
82
570
754
528
399
893
176
731
679
110
749
325
803
820
541
739
577
4
210
21
396
822
930
689
774
539
113
477
881
809
459
496
354
979
231
541
168
708
954
267
453
812
993
267
9
307
364
266
757
800
805
197
453
758
617
390
329
954
358
859
848
43
671
107
596
941
555
378
824
348
207
469
352
474
961
848
659
86
898
307
824
735
584
540
734
463
204
633
627
522
187
311
384
368
901
120
783
361
901
770
163
348
10
874
826
440
631
145
665
567
486
869
679
369
195
890
100
664
49
859
8
971
905
595
742
120
80
823
893
748
178
50
479
863
808
305
684
47
634
83
674
571
575
756
546
124
199
758
346
70
569
12
742
694
405
617
958
778
540
293
502
834
47
622
980
390
785
104
261
555
893
810
804
942
739
773
390
765
655
497
885
2
636
862
897
354
959
576
698
307
100
324
821
377
939
134
625
556
63
307
462
822
681
864
550
665
956
780
435
811
452
792
245
661
213
310
726
739
791
387
123
924
281
139
45
316
678
10
61
815
786
186
640
388
415
4
36
894
303
