202 202
50winners2copies
win a copy of51because of50
win a copy of52because of50
50 1 2 
80winners4copies
win a copy of81because of80
win a copy of82because of80
win a copy of83because of80
win a copy of84because of80
80 1 4 
128winners3copies
win a copy of129because of128
win a copy of130because of128
win a copy of131because of128
128 1 3 
183winners7copies
win a copy of184because of183
win a copy of185because of183
win a copy of186because of183
win a copy of187because of183
win a copy of188because of183
win a copy of189because of183
win a copy of190because of183
183 1 7 
184winners10copies1
win a copy of185because of184
win a copy of186because of184
win a copy of187because of184
win a copy of188because of184
win a copy of189because of184
win a copy of190because of184
win a copy of191because of184
win a copy of192because of184
win a copy of193because of184
win a copy of194because of184
184 2 10 1
7winners10copies
win a copy of8because of7
win a copy of9because of7
win a copy of10because of7
win a copy of11because of7
win a copy of12because of7
win a copy of13because of7
win a copy of14because of7
win a copy of15because of7
win a copy of16because of7
win a copy of17because of7
7 1 10 
20winners5copies
win a copy of21because of20
win a copy of22because of20
win a copy of23because of20
win a copy of24because of20
win a copy of25because of20
20 1 5 
115winners2copies
win a copy of116because of115
win a copy of117because of115
115 1 2 
161winners7copies
win a copy of162because of161
win a copy of163because of161
win a copy of164because of161
win a copy of165because of161
win a copy of166because of161
win a copy of167because of161
win a copy of168because of161
161 1 7 
164winners4copies1
win a copy of165because of164
win a copy of166because of164
win a copy of167because of164
win a copy of168because of164
164 2 4 1
177winners2copies
win a copy of178because of177
win a copy of179because of177
177 1 2 
181winners1copies
win a copy of182because of181
181 1 1 
41winners1copies
win a copy of42because of41
41 1 1 
90winners2copies
win a copy of91because of90
win a copy of92because of90
90 1 2 
133winners2copies
win a copy of134because of133
win a copy of135because of133
133 1 2 
83winners9copies1
win a copy of84because of83
win a copy of85because of83
win a copy of86because of83
win a copy of87because of83
win a copy of88because of83
win a copy of89because of83
win a copy of90because of83
win a copy of91because of83
win a copy of92because of83
83 2 9 1
127winners6copies
win a copy of128because of127
win a copy of129because of127
win a copy of130because of127
win a copy of131because of127
win a copy of132because of127
win a copy of133because of127
127 1 6 
96winners10copies
win a copy of97because of96
win a copy of98because of96
win a copy of99because of96
win a copy of100because of96
win a copy of101because of96
win a copy of102because of96
win a copy of103because of96
win a copy of104because of96
win a copy of105because of96
win a copy of106because of96
96 1 10 
112winners4copies
win a copy of113because of112
win a copy of114because of112
win a copy of115because of112
win a copy of116because of112
112 1 4 
31winners1copies
win a copy of32because of31
31 1 1 
57winners10copies
win a copy of58because of57
win a copy of59because of57
win a copy of60because of57
win a copy of61because of57
win a copy of62because of57
win a copy of63because of57
win a copy of64because of57
win a copy of65because of57
win a copy of66because of57
win a copy of67because of57
57 1 10 
105winners3copies1
win a copy of106because of105
win a copy of107because of105
win a copy of108because of105
105 2 3 1
153winners1copies
win a copy of154because of153
153 1 1 
165winners3copies4
win a copy of166because of165
win a copy of167because of165
win a copy of168because of165
165 5 3 4
173winners6copies
win a copy of174because of173
win a copy of175because of173
win a copy of176because of173
win a copy of177because of173
win a copy of178because of173
win a copy of179because of173
173 1 6 
14winners2copies1
win a copy of15because of14
win a copy of16because of14
14 2 2 1
27winners5copies
win a copy of28because of27
win a copy of29because of27
win a copy of30because of27
win a copy of31because of27
win a copy of32because of27
27 1 5 
140winners5copies
win a copy of141because of140
win a copy of142because of140
win a copy of143because of140
win a copy of144because of140
win a copy of145because of140
140 1 5 
143winners10copies1
win a copy of144because of143
win a copy of145because of143
win a copy of146because of143
win a copy of147because of143
win a copy of148because of143
win a copy of149because of143
win a copy of150because of143
win a copy of151because of143
win a copy of152because of143
win a copy of153because of143
143 2 10 1
159winners4copies
win a copy of160because of159
win a copy of161because of159
win a copy of162because of159
win a copy of163because of159
159 1 4 
169winners10copies
win a copy of170because of169
win a copy of171because of169
win a copy of172because of169
win a copy of173because of169
win a copy of174because of169
win a copy of175because of169
win a copy of176because of169
win a copy of177because of169
win a copy of178because of169
win a copy of179because of169
169 1 10 
194winners7copies3
win a copy of195because of194
win a copy of196because of194
win a copy of197because of194
win a copy of198because of194
win a copy of199because of194
win a copy of200because of194
win a copy of201because of194
194 4 7 3
5winners3copies
win a copy of6because of5
win a copy of7because of5
win a copy of8because of5
5 1 3 
75winners4copies
win a copy of76because of75
win a copy of77because of75
win a copy of78because of75
win a copy of79because of75
75 1 4 
69winners9copies
win a copy of70because of69
win a copy of71because of69
win a copy of72because of69
win a copy of73because of69
win a copy of74because of69
win a copy of75because of69
win a copy of76because of69
win a copy of77because of69
win a copy of78because of69
69 1 9 
92winners2copies4
win a copy of93because of92
win a copy of94because of92
92 5 2 4
93winners1copies9
win a copy of94because of93
93 10 1 9
190winners2copies4
win a copy of191because of190
win a copy of192because of190
190 5 2 4
19winners2copies
win a copy of20because of19
win a copy of21because of19
19 1 2 
61winners2copies1
win a copy of62because of61
win a copy of63because of61
61 2 2 1
104winners10copies1
win a copy of105because of104
win a copy of106because of104
win a copy of107because of104
win a copy of108because of104
win a copy of109because of104
win a copy of110because of104
win a copy of111because of104
win a copy of112because of104
win a copy of113because of104
win a copy of114because of104
104 2 10 1
122winners2copies
win a copy of123because of122
win a copy of124because of122
122 1 2 
134winners1copies1
win a copy of135because of134
134 2 1 1
147winners9copies3
win a copy of148because of147
win a copy of149because of147
win a copy of150because of147
win a copy of151because of147
win a copy of152because of147
win a copy of153because of147
win a copy of154because of147
win a copy of155because of147
win a copy of156because of147
147 4 9 3
193winners5copies3
win a copy of194because of193
win a copy of195because of193
win a copy of196because of193
win a copy of197because of193
win a copy of198because of193
193 4 5 3
34winners10copies
win a copy of35because of34
win a copy of36because of34
win a copy of37because of34
win a copy of38because of34
win a copy of39because of34
win a copy of40because of34
win a copy of41because of34
win a copy of42because of34
win a copy of43because of34
win a copy of44because of34
34 1 10 
67winners2copies1
win a copy of68because of67
win a copy of69because of67
67 2 2 1
56winners1copies
win a copy of57because of56
56 1 1 
63winners4copies4
win a copy of64because of63
win a copy of65because of63
win a copy of66because of63
win a copy of67because of63
63 5 4 4
195winners7copies14
win a copy of196because of195
win a copy of197because of195
win a copy of198because of195
win a copy of199because of195
win a copy of200because of195
win a copy of201because of195
win a copy of202because of195
195 15 7 14
9winners2copies1
win a copy of10because of9
win a copy of11because of9
9 2 2 1
43winners6copies1
win a copy of44because of43
win a copy of45because of43
win a copy of46because of43
win a copy of47because of43
win a copy of48because of43
win a copy of49because of43
43 2 6 1
76winners2copies2
win a copy of77because of76
win a copy of78because of76
76 3 2 2
162winners3copies2
win a copy of163because of162
win a copy of164because of162
win a copy of165because of162
162 3 3 2
166winners9copies13
win a copy of167because of166
win a copy of168because of166
win a copy of169because of166
win a copy of170because of166
win a copy of171because of166
win a copy of172because of166
win a copy of173because of166
win a copy of174because of166
win a copy of175because of166
166 14 9 13
13winners1copies1
win a copy of14because of13
13 2 1 1
18winners10copies
win a copy of19because of18
win a copy of20because of18
win a copy of21because of18
win a copy of22because of18
win a copy of23because of18
win a copy of24because of18
win a copy of25because of18
win a copy of26because of18
win a copy of27because of18
win a copy of28because of18
18 1 10 
126winners9copies
win a copy of127because of126
win a copy of128because of126
win a copy of129because of126
win a copy of130because of126
win a copy of131because of126
win a copy of132because of126
win a copy of133because of126
win a copy of134because of126
win a copy of135because of126
126 1 9 
137winners7copies
win a copy of138because of137
win a copy of139because of137
win a copy of140because of137
win a copy of141because of137
win a copy of142because of137
win a copy of143because of137
win a copy of144because of137
137 1 7 
141winners9copies2
win a copy of142because of141
win a copy of143because of141
win a copy of144because of141
win a copy of145because of141
win a copy of146because of141
win a copy of147because of141
win a copy of148because of141
win a copy of149because of141
win a copy of150because of141
141 3 9 2
149winners7copies15
win a copy of150because of149
win a copy of151because of149
win a copy of152because of149
win a copy of153because of149
win a copy of154because of149
win a copy of155because of149
win a copy of156because of149
149 16 7 15
179winners2copies3
win a copy of180because of179
win a copy of181because of179
179 4 2 3
62winners9copies4
win a copy of63because of62
win a copy of64because of62
win a copy of65because of62
win a copy of66because of62
win a copy of67because of62
win a copy of68because of62
win a copy of69because of62
win a copy of70because of62
win a copy of71because of62
62 5 9 4
121winners2copies
win a copy of122because of121
win a copy of123because of121
121 1 2 
46winners2copies3
win a copy of47because of46
win a copy of48because of46
46 4 2 3
152winners4copies41
win a copy of153because of152
win a copy of154because of152
win a copy of155because of152
win a copy of156because of152
152 42 4 41
171winners10copies28
win a copy of172because of171
win a copy of173because of171
win a copy of174because of171
win a copy of175because of171
win a copy of176because of171
win a copy of177because of171
win a copy of178because of171
win a copy of179because of171
win a copy of180because of171
win a copy of181because of171
171 29 10 28
201winners1copies36
win a copy of202because of201
201 37 1 36
11winners4copies4
win a copy of12because of11
win a copy of13because of11
win a copy of14because of11
win a copy of15because of11
11 5 4 4
36winners10copies1
win a copy of37because of36
win a copy of38because of36
win a copy of39because of36
win a copy of40because of36
win a copy of41because of36
win a copy of42because of36
win a copy of43because of36
win a copy of44because of36
win a copy of45because of36
win a copy of46because of36
36 2 10 1
95winners10copies
win a copy of96because of95
win a copy of97because of95
win a copy of98because of95
win a copy of99because of95
win a copy of100because of95
win a copy of101because of95
win a copy of102because of95
win a copy of103because of95
win a copy of104because of95
win a copy of105because of95
95 1 10 
150winners3copies46
win a copy of151because of150
win a copy of152because of150
win a copy of153because of150
150 47 3 46
64winners2copies19
win a copy of65because of64
win a copy of66because of64
64 20 2 19
65winners3copies58
win a copy of66because of65
win a copy of67because of65
win a copy of68because of65
65 59 3 58
136winners10copies
win a copy of137because of136
win a copy of138because of136
win a copy of139because of136
win a copy of140because of136
win a copy of141because of136
win a copy of142because of136
win a copy of143because of136
win a copy of144because of136
win a copy of145because of136
win a copy of146because of136
136 1 10 
180winners2copies64
win a copy of181because of180
win a copy of182because of180
180 65 2 64
38winners8copies4
win a copy of39because of38
win a copy of40because of38
win a copy of41because of38
win a copy of42because of38
win a copy of43because of38
win a copy of44because of38
win a copy of45because of38
win a copy of46because of38
38 5 8 4
70winners3copies10
win a copy of71because of70
win a copy of72because of70
win a copy of73because of70
70 11 3 10
28winners1copies2
win a copy of29because of28
28 3 1 2
131winners3copies3
win a copy of132because of131
win a copy of133because of131
win a copy of134because of131
131 4 3 3
51winners1copies1
win a copy of52because of51
51 2 1 1
44winners4copies16
win a copy of45because of44
win a copy of46because of44
win a copy of47because of44
win a copy of48because of44
44 17 4 16
45winners3copies48
win a copy of46because of45
win a copy of47because of45
win a copy of48because of45
45 49 3 48
110winners4copies3
win a copy of111because of110
win a copy of112because of110
win a copy of113because of110
win a copy of114because of110
110 4 4 3
118winners10copies
win a copy of119because of118
win a copy of120because of118
win a copy of121because of118
win a copy of122because of118
win a copy of123because of118
win a copy of124because of118
win a copy of125because of118
win a copy of126because of118
win a copy of127because of118
win a copy of128because of118
118 1 10 
138winners10copies2
win a copy of139because of138
win a copy of140because of138
win a copy of141because of138
win a copy of142because of138
win a copy of143because of138
win a copy of144because of138
win a copy of145because of138
win a copy of146because of138
win a copy of147because of138
win a copy of148because of138
138 3 10 2
66winners8copies175
win a copy of67because of66
win a copy of68because of66
win a copy of69because of66
win a copy of70because of66
win a copy of71because of66
win a copy of72because of66
win a copy of73because of66
win a copy of74because of66
66 176 8 175
97winners10copies2
win a copy of98because of97
win a copy of99because of97
win a copy of100because of97
win a copy of101because of97
win a copy of102because of97
win a copy of103because of97
win a copy of104because of97
win a copy of105because of97
win a copy of106because of97
win a copy of107because of97
97 3 10 2
101winners3copies7
win a copy of102because of101
win a copy of103because of101
win a copy of104because of101
101 8 3 7
130winners4copies3
win a copy of131because of130
win a copy of132because of130
win a copy of133because of130
win a copy of134because of130
130 4 4 3
148winners9copies20
win a copy of149because of148
win a copy of150because of148
win a copy of151because of148
win a copy of152because of148
win a copy of153because of148
win a copy of154because of148
win a copy of155because of148
win a copy of156because of148
win a copy of157because of148
148 21 9 20
1winners5copies
win a copy of2because of1
win a copy of3because of1
win a copy of4because of1
win a copy of5because of1
win a copy of6because of1
1 1 5 
25winners3copies2
win a copy of26because of25
win a copy of27because of25
win a copy of28because of25
25 3 3 2
187winners7copies4
win a copy of188because of187
win a copy of189because of187
win a copy of190because of187
win a copy of191because of187
win a copy of192because of187
win a copy of193because of187
win a copy of194because of187
187 5 7 4
21winners6copies3
win a copy of22because of21
win a copy of23because of21
win a copy of24because of21
win a copy of25because of21
win a copy of26because of21
win a copy of27because of21
21 4 6 3
98winners10copies7
win a copy of99because of98
win a copy of100because of98
win a copy of101because of98
win a copy of102because of98
win a copy of103because of98
win a copy of104because of98
win a copy of105because of98
win a copy of106because of98
win a copy of107because of98
win a copy of108because of98
98 8 10 7
73winners3copies373
win a copy of74because of73
win a copy of75because of73
win a copy of76because of73
73 374 3 373
74winners5copies1099
win a copy of75because of74
win a copy of76because of74
win a copy of77because of74
win a copy of78because of74
win a copy of79because of74
74 1100 5 1099
123winners2copies3
win a copy of124because of123
win a copy of125because of123
123 4 2 3
2winners10copies1
win a copy of3because of2
win a copy of4because of2
win a copy of5because of2
win a copy of6because of2
win a copy of7because of2
win a copy of8because of2
win a copy of9because of2
win a copy of10because of2
win a copy of11because of2
win a copy of12because of2
2 2 10 1
58winners1copies1
win a copy of59because of58
58 2 1 1
170winners1copies28
win a copy of171because of170
170 29 1 28
85winners3copies3
win a copy of86because of85
win a copy of87because of85
win a copy of88because of85
85 4 3 3
114winners2copies11
win a copy of115because of114
win a copy of116because of114
114 12 2 11
89winners5copies3
win a copy of90because of89
win a copy of91because of89
win a copy of92because of89
win a copy of93because of89
win a copy of94because of89
89 4 5 3
174winners4copies86
win a copy of175because of174
win a copy of176because of174
win a copy of177because of174
win a copy of178because of174
174 87 4 86
178winners4copies233
win a copy of179because of178
win a copy of180because of178
win a copy of181because of178
win a copy of182because of178
178 234 4 233
37winners2copies4
win a copy of38because of37
win a copy of39because of37
37 5 2 4
52winners1copies4
win a copy of53because of52
52 5 1 4
87winners4copies10
win a copy of88because of87
win a copy of89because of87
win a copy of90because of87
win a copy of91because of87
87 11 4 10
103winners7copies37
win a copy of104because of103
win a copy of105because of103
win a copy of106because of103
win a copy of107because of103
win a copy of108because of103
win a copy of109because of103
win a copy of110because of103
103 38 7 37
113winners4copies11
win a copy of114because of113
win a copy of115because of113
win a copy of116because of113
win a copy of117because of113
113 12 4 11
120winners8copies1
win a copy of121because of120
win a copy of122because of120
win a copy of123because of120
win a copy of124because of120
win a copy of125because of120
win a copy of126because of120
win a copy of127because of120
win a copy of128because of120
120 2 8 1
192winners5copies21
win a copy of193because of192
win a copy of194because of192
win a copy of195because of192
win a copy of196because of192
win a copy of197because of192
192 22 5 21
15winners1copies13
win a copy of16because of15
15 14 1 13
23winners7copies9
win a copy of24because of23
win a copy of25because of23
win a copy of26because of23
win a copy of27because of23
win a copy of28because of23
win a copy of29because of23
win a copy of30because of23
23 10 7 9
106winners4copies102
win a copy of107because of106
win a copy of108because of106
win a copy of109because of106
win a copy of110because of106
106 103 4 102
111winners2copies10
win a copy of112because of111
win a copy of113because of111
111 11 2 10
146winners7copies14
win a copy of147because of146
win a copy of148because of146
win a copy of149because of146
win a copy of150because of146
win a copy of151because of146
win a copy of152because of146
win a copy of153because of146
146 15 7 14
155winners2copies162
win a copy of156because of155
win a copy of157because of155
155 163 2 162
167winners6copies40
win a copy of168because of167
win a copy of169because of167
win a copy of170because of167
win a copy of171because of167
win a copy of172because of167
win a copy of173because of167
167 41 6 40
10winners6copies7
win a copy of11because of10
win a copy of12because of10
win a copy of13because of10
win a copy of14because of10
win a copy of15because of10
win a copy of16because of10
10 8 6 7
55winners10copies
win a copy of56because of55
win a copy of57because of55
win a copy of58because of55
win a copy of59because of55
win a copy of60because of55
win a copy of61because of55
win a copy of62because of55
win a copy of63because of55
win a copy of64because of55
win a copy of65because of55
55 1 10 
139winners1copies7
win a copy of140because of139
139 8 1 7
186winners10copies4
win a copy of187because of186
win a copy of188because of186
win a copy of189because of186
win a copy of190because of186
win a copy of191because of186
win a copy of192because of186
win a copy of193because of186
win a copy of194because of186
win a copy of195because of186
win a copy of196because of186
186 5 10 4
48winners6copies140
win a copy of49because of48
win a copy of50because of48
win a copy of51because of48
win a copy of52because of48
win a copy of53because of48
win a copy of54because of48
48 141 6 140
125winners2copies11
win a copy of126because of125
win a copy of127because of125
125 12 2 11
102winners4copies37
win a copy of103because of102
win a copy of104because of102
win a copy of105because of102
win a copy of106because of102
102 38 4 37
151winners7copies204
win a copy of152because of151
win a copy of153because of151
win a copy of154because of151
win a copy of155because of151
win a copy of156because of151
win a copy of157because of151
win a copy of158because of151
151 205 7 204
99winners5copies22
win a copy of100because of99
win a copy of101because of99
win a copy of102because of99
win a copy of103because of99
win a copy of104because of99
99 23 5 22
132winners3copies16
win a copy of133because of132
win a copy of134because of132
win a copy of135because of132
132 17 3 16
154winners4copies572
win a copy of155because of154
win a copy of156because of154
win a copy of157because of154
win a copy of158because of154
154 573 4 572
157winners1copies1920
win a copy of158because of157
157 1921 1 1920
175winners5copies259
win a copy of176because of175
win a copy of177because of175
win a copy of178because of175
win a copy of179because of175
win a copy of180because of175
175 260 5 259
176winners1copies751
win a copy of177because of176
176 752 1 751
32winners1copies2
win a copy of33because of32
32 3 1 2
68winners3copies480
win a copy of69because of68
win a copy of70because of68
win a copy of71because of68
68 481 3 480
108winners7copies301
win a copy of109because of108
win a copy of110because of108
win a copy of111because of108
win a copy of112because of108
win a copy of113because of108
win a copy of114because of108
win a copy of115because of108
108 302 7 301
144winners7copies16
win a copy of145because of144
win a copy of146because of144
win a copy of147because of144
win a copy of148because of144
win a copy of149because of144
win a copy of150because of144
win a copy of151because of144
144 17 7 16
6winners9copies5
win a copy of7because of6
win a copy of8because of6
win a copy of9because of6
win a copy of10because of6
win a copy of11because of6
win a copy of12because of6
win a copy of13because of6
win a copy of14because of6
win a copy of15because of6
6 6 9 5
107winners3copies306
win a copy of108because of107
win a copy of109because of107
win a copy of110because of107
107 307 3 306
72winners5copies373
win a copy of73because of72
win a copy of74because of72
win a copy of75because of72
win a copy of76because of72
win a copy of77because of72
72 374 5 373
81winners10copies1
win a copy of82because of81
win a copy of83because of81
win a copy of84because of81
win a copy of85because of81
win a copy of86because of81
win a copy of87because of81
win a copy of88because of81
win a copy of89because of81
win a copy of90because of81
win a copy of91because of81
81 2 10 1
129winners1copies3
win a copy of130because of129
129 4 1 3
142winners2copies13
win a copy of143because of142
win a copy of144because of142
142 14 2 13
3winners4copies4
win a copy of4because of3
win a copy of5because of3
win a copy of6because of3
win a copy of7because of3
3 5 4 4
60winners7copies2
win a copy of61because of60
win a copy of62because of60
win a copy of63because of60
win a copy of64because of60
win a copy of65because of60
win a copy of66because of60
win a copy of67because of60
60 3 7 2
39winners9copies22
win a copy of40because of39
win a copy of41because of39
win a copy of42because of39
win a copy of43because of39
win a copy of44because of39
win a copy of45because of39
win a copy of46because of39
win a copy of47because of39
win a copy of48because of39
39 23 9 22
77winners1copies2953
win a copy of78because of77
77 2954 1 2953
119winners3copies1
win a copy of120because of119
win a copy of121because of119
win a copy of122because of119
119 2 3 1
163winners3copies7
win a copy of164because of163
win a copy of165because of163
win a copy of166because of163
163 8 3 7
168winners5copies121
win a copy of169because of168
win a copy of170because of168
win a copy of171because of168
win a copy of172because of168
win a copy of173because of168
168 122 5 121
191winners10copies30
win a copy of192because of191
win a copy of193because of191
win a copy of194because of191
win a copy of195because of191
win a copy of196because of191
win a copy of197because of191
win a copy of198because of191
win a copy of199because of191
win a copy of200because of191
win a copy of201because of191
191 31 10 30
26winners5copies32
win a copy of27because of26
win a copy of28because of26
win a copy of29because of26
win a copy of30because of26
win a copy of31because of26
26 33 5 32
30winners3copies85
win a copy of31because of30
win a copy of32because of30
win a copy of33because of30
30 86 3 85
109winners2copies1499
win a copy of110because of109
win a copy of111because of109
109 1500 2 1499
145winners10copies48
win a copy of146because of145
win a copy of147because of145
win a copy of148because of145
win a copy of149because of145
win a copy of150because of145
win a copy of151because of145
win a copy of152because of145
win a copy of153because of145
win a copy of154because of145
win a copy of155because of145
145 49 10 48
160winners10copies1
win a copy of161because of160
win a copy of162because of160
win a copy of163because of160
win a copy of164because of160
win a copy of165because of160
win a copy of166because of160
win a copy of167because of160
win a copy of168because of160
win a copy of169because of160
win a copy of170because of160
160 2 10 1
185winners7copies4
win a copy of186because of185
win a copy of187because of185
win a copy of188because of185
win a copy of189because of185
win a copy of190because of185
win a copy of191because of185
win a copy of192because of185
185 5 7 4
40winners3copies58
win a copy of41because of40
win a copy of42because of40
win a copy of43because of40
40 59 3 58
82winners10copies4
win a copy of83because of82
win a copy of84because of82
win a copy of85because of82
win a copy of86because of82
win a copy of87because of82
win a copy of88because of82
win a copy of89because of82
win a copy of90because of82
win a copy of91because of82
win a copy of92because of82
82 5 10 4
24winners8copies28
win a copy of25because of24
win a copy of26because of24
win a copy of27because of24
win a copy of28because of24
win a copy of29because of24
win a copy of30because of24
win a copy of31because of24
win a copy of32because of24
24 29 8 28
47winners1copies185
win a copy of48because of47
47 186 1 185
124winners4copies12
win a copy of125because of124
win a copy of126because of124
win a copy of127because of124
win a copy of128because of124
124 13 4 12
156winners2copies2041
win a copy of157because of156
win a copy of158because of156
156 2042 2 2041
188winners10copies31
win a copy of189because of188
win a copy of190because of188
win a copy of191because of188
win a copy of192because of188
win a copy of193because of188
win a copy of194because of188
win a copy of195because of188
win a copy of196because of188
win a copy of197because of188
win a copy of198because of188
188 32 10 31
189winners10copies94
win a copy of190because of189
win a copy of191because of189
win a copy of192because of189
win a copy of193because of189
win a copy of194because of189
win a copy of195because of189
win a copy of196because of189
win a copy of197because of189
win a copy of198because of189
win a copy of199because of189
189 95 10 94
4winners4copies13
win a copy of5because of4
win a copy of6because of4
win a copy of7because of4
win a copy of8because of4
4 14 4 13
22winners1copies9
win a copy of23because of22
22 10 1 9
15896
