157 1
161 7
162 3
72 5
77 1
85 3
142 2
144 7
160 10
165 3
183 7
3 4
81 10
154 4
50 2
64 2
83 9
96 10
153 1
5 3
38 8
18 10
74 5
122 2
176 1
93 1
104 10
149 7
179 2
7 10
67 2
41 1
75 4
193 5
6 9
34 10
126 9
181 1
192 5
31 1
37 2
73 3
90 2
105 3
114 2
164 4
173 6
55 10
65 3
20 5
82 10
68 3
111 2
201 1
1 5
45 3
155 2
23 7
139 1
140 5
163 3
178 4
185 7
76 2
99 5
25 3
27 5
110 4
130 4
137 7
151 7
2 10
21 6
156 2
186 10
171 10
177 2
10 6
115 2
109 2
121 2
131 3
188 10
195 7
58 1
80 4
125 2
134 1
141 9
147 9
97 10
123 2
194 7
32 1
46 2
43 6
44 4
119 3
127 6
138 10
166 9
190 2
19 2
107 3
168 5
108 7
132 3
152 4
159 4
170 1
92 2
146 7
102 4
150 3
167 6
189 10
26 5
57 10
30 3
113 4
128 3
15 1
24 8
62 9
98 10
106 4
118 10
133 2
174 4
13 1
51 1
175 5
11 4
39 9
66 8
101 3
143 10
180 2
4 4
9 2
60 7
70 3
136 10
191 10
48 6
56 1
47 1
61 2
148 9
14 2
22 1
69 9
112 4
124 4
184 10
187 7
28 1
52 1
95 10
120 8
129 1
169 10
40 3
87 4
89 5
103 7
145 10
36 10
63 4
18619
