202 202
1winners5copies
win a copy of2because of1
win a copy of3because of1
win a copy of4because of1
win a copy of5because of1
win a copy of6because of1
1 1 5 
2winners10copies1
win a copy of3because of2
win a copy of4because of2
win a copy of5because of2
win a copy of6because of2
win a copy of7because of2
win a copy of8because of2
win a copy of9because of2
win a copy of10because of2
win a copy of11because of2
win a copy of12because of2
2 2 10 1
3winners4copies4
win a copy of4because of3
win a copy of5because of3
win a copy of6because of3
win a copy of7because of3
3 5 4 4
4winners4copies13
win a copy of5because of4
win a copy of6because of4
win a copy of7because of4
win a copy of8because of4
4 14 4 13
5winners3copies40
win a copy of6because of5
win a copy of7because of5
win a copy of8because of5
5 41 3 40
6winners9copies121
win a copy of7because of6
win a copy of8because of6
win a copy of9because of6
win a copy of10because of6
win a copy of11because of6
win a copy of12because of6
win a copy of13because of6
win a copy of14because of6
win a copy of15because of6
6 122 9 121
7winners10copies363
win a copy of8because of7
win a copy of9because of7
win a copy of10because of7
win a copy of11because of7
win a copy of12because of7
win a copy of13because of7
win a copy of14because of7
win a copy of15because of7
win a copy of16because of7
win a copy of17because of7
7 364 10 363
9winners2copies973
win a copy of10because of9
win a copy of11because of9
9 974 2 973
10winners6copies2920
win a copy of11because of10
win a copy of12because of10
win a copy of13because of10
win a copy of14because of10
win a copy of15because of10
win a copy of16because of10
10 2921 6 2920
11winners4copies8761
win a copy of12because of11
win a copy of13because of11
win a copy of14because of11
win a copy of15because of11
11 8762 4 8761
13winners1copies24334
win a copy of14because of13
13 24335 1 24334
14winners2copies73003
win a copy of15because of14
win a copy of16because of14
14 73004 2 73003
15winners1copies170341
win a copy of16because of15
15 170342 1 170341
18winners10copies
win a copy of19because of18
win a copy of20because of18
win a copy of21because of18
win a copy of22because of18
win a copy of23because of18
win a copy of24because of18
win a copy of25because of18
win a copy of26because of18
win a copy of27because of18
win a copy of28because of18
18 1 10 
19winners2copies1
win a copy of20because of19
win a copy of21because of19
19 2 2 1
20winners5copies4
win a copy of21because of20
win a copy of22because of20
win a copy of23because of20
win a copy of24because of20
win a copy of25because of20
20 5 5 4
21winners6copies13
win a copy of22because of21
win a copy of23because of21
win a copy of24because of21
win a copy of25because of21
win a copy of26because of21
win a copy of27because of21
21 14 6 13
22winners1copies37
win a copy of23because of22
22 38 1 37
23winners7copies112
win a copy of24because of23
win a copy of25because of23
win a copy of26because of23
win a copy of27because of23
win a copy of28because of23
win a copy of29because of23
win a copy of30because of23
23 113 7 112
24winners8copies262
win a copy of25because of24
win a copy of26because of24
win a copy of27because of24
win a copy of28because of24
win a copy of29because of24
win a copy of30because of24
win a copy of31because of24
win a copy of32because of24
24 263 8 262
25winners3copies787
win a copy of26because of25
win a copy of27because of25
win a copy of28because of25
25 788 3 787
26winners5copies2353
win a copy of27because of26
win a copy of28because of26
win a copy of29because of26
win a copy of30because of26
win a copy of31because of26
26 2354 5 2353
27winners5copies7060
win a copy of28because of27
win a copy of29because of27
win a copy of30because of27
win a copy of31because of27
win a copy of32because of27
27 7061 5 7060
28winners1copies21154
win a copy of29because of28
28 21155 1 21154
30winners3copies19578
win a copy of31because of30
win a copy of32because of30
win a copy of33because of30
30 19579 3 19578
31winners1copies58510
win a copy of32because of31
31 58511 1 58510
32winners1copies170824
win a copy of33because of32
32 170825 1 170824
34winners10copies
win a copy of35because of34
win a copy of36because of34
win a copy of37because of34
win a copy of38because of34
win a copy of39because of34
win a copy of40because of34
win a copy of41because of34
win a copy of42because of34
win a copy of43because of34
win a copy of44because of34
34 1 10 
36winners10copies1
win a copy of37because of36
win a copy of38because of36
win a copy of39because of36
win a copy of40because of36
win a copy of41because of36
win a copy of42because of36
win a copy of43because of36
win a copy of44because of36
win a copy of45because of36
win a copy of46because of36
36 2 10 1
37winners2copies4
win a copy of38because of37
win a copy of39because of37
37 5 2 4
38winners8copies13
win a copy of39because of38
win a copy of40because of38
win a copy of41because of38
win a copy of42because of38
win a copy of43because of38
win a copy of44because of38
win a copy of45because of38
win a copy of46because of38
38 14 8 13
39winners9copies40
win a copy of40because of39
win a copy of41because of39
win a copy of42because of39
win a copy of43because of39
win a copy of44because of39
win a copy of45because of39
win a copy of46because of39
win a copy of47because of39
win a copy of48because of39
39 41 9 40
40winners3copies112
win a copy of41because of40
win a copy of42because of40
win a copy of43because of40
40 113 3 112
41winners1copies337
win a copy of42because of41
41 338 1 337
43winners6copies337
win a copy of44because of43
win a copy of45because of43
win a copy of46because of43
win a copy of47because of43
win a copy of48because of43
win a copy of49because of43
43 338 6 337
44winners4copies787
win a copy of45because of44
win a copy of46because of44
win a copy of47because of44
win a copy of48because of44
44 788 4 787
45winners3copies2361
win a copy of46because of45
win a copy of47because of45
win a copy of48because of45
45 2362 3 2361
46winners2copies7084
win a copy of47because of46
win a copy of48because of46
46 7085 2 7084
47winners1copies21223
win a copy of48because of47
47 21224 1 21223
48winners6copies63670
win a copy of49because of48
win a copy of50because of48
win a copy of51because of48
win a copy of52because of48
win a copy of53because of48
win a copy of54because of48
48 63671 6 63670
50winners2copies127341
win a copy of51because of50
win a copy of52because of50
50 127342 2 127341
51winners1copies382024
win a copy of52because of51
51 382025 1 382024
52winners1copies1146073
win a copy of53because of52
52 1146074 1 1146073
55winners10copies
win a copy of56because of55
win a copy of57because of55
win a copy of58because of55
win a copy of59because of55
win a copy of60because of55
win a copy of61because of55
win a copy of62because of55
win a copy of63because of55
win a copy of64because of55
win a copy of65because of55
55 1 10 
56winners1copies1
win a copy of57because of56
56 2 1 1
57winners10copies4
win a copy of58because of57
win a copy of59because of57
win a copy of60because of57
win a copy of61because of57
win a copy of62because of57
win a copy of63because of57
win a copy of64because of57
win a copy of65because of57
win a copy of66because of57
win a copy of67because of57
57 5 10 4
58winners1copies10
win a copy of59because of58
58 11 1 10
60winners7copies10
win a copy of61because of60
win a copy of62because of60
win a copy of63because of60
win a copy of64because of60
win a copy of65because of60
win a copy of66because of60
win a copy of67because of60
60 11 7 10
61winners2copies31
win a copy of62because of61
win a copy of63because of61
61 32 2 31
62winners9copies94
win a copy of63because of62
win a copy of64because of62
win a copy of65because of62
win a copy of66because of62
win a copy of67because of62
win a copy of68because of62
win a copy of69because of62
win a copy of70because of62
win a copy of71because of62
62 95 9 94
63winners4copies283
win a copy of64because of63
win a copy of65because of63
win a copy of66because of63
win a copy of67because of63
63 284 4 283
64winners2copies787
win a copy of65because of64
win a copy of66because of64
64 788 2 787
65winners3copies2362
win a copy of66because of65
win a copy of67because of65
win a copy of68because of65
65 2363 3 2362
66winners8copies7086
win a copy of67because of66
win a copy of68because of66
win a copy of69because of66
win a copy of70because of66
win a copy of71because of66
win a copy of72because of66
win a copy of73because of66
win a copy of74because of66
66 7087 8 7086
67winners2copies19684
win a copy of68because of67
win a copy of69because of67
67 19685 2 19684
68winners3copies58456
win a copy of69because of68
win a copy of70because of68
win a copy of71because of68
68 58457 3 58456
69winners9copies170644
win a copy of70because of69
win a copy of71because of69
win a copy of72because of69
win a copy of73because of69
win a copy of74because of69
win a copy of75because of69
win a copy of76because of69
win a copy of77because of69
win a copy of78because of69
69 170645 9 170644
70winners3copies472564
win a copy of71because of70
win a copy of72because of70
win a copy of73because of70
70 472565 3 472564
72winners5copies1300591
win a copy of73because of72
win a copy of74because of72
win a copy of75because of72
win a copy of76because of72
win a copy of77because of72
72 1300592 5 1300591
73winners3copies3901774
win a copy of74because of73
win a copy of75because of73
win a copy of76because of73
73 3901775 3 3901774
74winners5copies10760194
win a copy of75because of74
win a copy of76because of74
win a copy of77because of74
win a copy of78because of74
win a copy of79because of74
74 10760195 5 10760194
75winners4copies32266410
win a copy of76because of75
win a copy of77because of75
win a copy of78because of75
win a copy of79because of75
75 32266411 4 32266410
76winners2copies96799231
win a copy of77because of76
win a copy of78because of76
76 96799232 2 96799231
77winners1copies282594145
win a copy of78because of77
77 282594146 1 282594145
80winners4copies
win a copy of81because of80
win a copy of82because of80
win a copy of83because of80
win a copy of84because of80
80 1 4 
81winners10copies1
win a copy of82because of81
win a copy of83because of81
win a copy of84because of81
win a copy of85because of81
win a copy of86because of81
win a copy of87because of81
win a copy of88because of81
win a copy of89because of81
win a copy of90because of81
win a copy of91because of81
81 2 10 1
82winners10copies4
win a copy of83because of82
win a copy of84because of82
win a copy of85because of82
win a copy of86because of82
win a copy of87because of82
win a copy of88because of82
win a copy of89because of82
win a copy of90because of82
win a copy of91because of82
win a copy of92because of82
82 5 10 4
83winners9copies13
win a copy of84because of83
win a copy of85because of83
win a copy of86because of83
win a copy of87because of83
win a copy of88because of83
win a copy of89because of83
win a copy of90because of83
win a copy of91because of83
win a copy of92because of83
83 14 9 13
85winners3copies39
win a copy of86because of85
win a copy of87because of85
win a copy of88because of85
85 40 3 39
87winners4copies118
win a copy of88because of87
win a copy of89because of87
win a copy of90because of87
win a copy of91because of87
87 119 4 118
89winners5copies276
win a copy of90because of89
win a copy of91because of89
win a copy of92because of89
win a copy of93because of89
win a copy of94because of89
89 277 5 276
90winners2copies829
win a copy of91because of90
win a copy of92because of90
90 830 2 829
92winners2copies2248
win a copy of93because of92
win a copy of94because of92
92 2249 2 2248
93winners1copies5050
win a copy of94because of93
93 5051 1 5050
95winners10copies
win a copy of96because of95
win a copy of97because of95
win a copy of98because of95
win a copy of99because of95
win a copy of100because of95
win a copy of101because of95
win a copy of102because of95
win a copy of103because of95
win a copy of104because of95
win a copy of105because of95
95 1 10 
96winners10copies1
win a copy of97because of96
win a copy of98because of96
win a copy of99because of96
win a copy of100because of96
win a copy of101because of96
win a copy of102because of96
win a copy of103because of96
win a copy of104because of96
win a copy of105because of96
win a copy of106because of96
96 2 10 1
97winners10copies4
win a copy of98because of97
win a copy of99because of97
win a copy of100because of97
win a copy of101because of97
win a copy of102because of97
win a copy of103because of97
win a copy of104because of97
win a copy of105because of97
win a copy of106because of97
win a copy of107because of97
97 5 10 4
98winners10copies13
win a copy of99because of98
win a copy of100because of98
win a copy of101because of98
win a copy of102because of98
win a copy of103because of98
win a copy of104because of98
win a copy of105because of98
win a copy of106because of98
win a copy of107because of98
win a copy of108because of98
98 14 10 13
99winners5copies40
win a copy of100because of99
win a copy of101because of99
win a copy of102because of99
win a copy of103because of99
win a copy of104because of99
99 41 5 40
101winners3copies121
win a copy of102because of101
win a copy of103because of101
win a copy of104because of101
101 122 3 121
102winners4copies364
win a copy of103because of102
win a copy of104because of102
win a copy of105because of102
win a copy of106because of102
102 365 4 364
103winners7copies1093
win a copy of104because of103
win a copy of105because of103
win a copy of106because of103
win a copy of107because of103
win a copy of108because of103
win a copy of109because of103
win a copy of110because of103
103 1094 7 1093
104winners10copies3280
win a copy of105because of104
win a copy of106because of104
win a copy of107because of104
win a copy of108because of104
win a copy of109because of104
win a copy of110because of104
win a copy of111because of104
win a copy of112because of104
win a copy of113because of104
win a copy of114because of104
104 3281 10 3280
105winners3copies9517
win a copy of106because of105
win a copy of107because of105
win a copy of108because of105
105 9518 3 9517
106winners4copies28551
win a copy of107because of106
win a copy of108because of106
win a copy of109because of106
win a copy of110because of106
106 28552 4 28551
107winners3copies84922
win a copy of108because of107
win a copy of109because of107
win a copy of110because of107
107 84923 3 84922
108winners7copies254758
win a copy of109because of108
win a copy of110because of108
win a copy of111because of108
win a copy of112because of108
win a copy of113because of108
win a copy of114because of108
win a copy of115because of108
108 254759 7 254758
109winners2copies745213
win a copy of110because of109
win a copy of111because of109
109 745214 2 745213
110winners4copies2235640
win a copy of111because of110
win a copy of112because of110
win a copy of113because of110
win a copy of114because of110
110 2235641 4 2235640
111winners2copies6477786
win a copy of112because of111
win a copy of113because of111
111 6477787 2 6477786
112winners4copies17942932
win a copy of113because of112
win a copy of114because of112
win a copy of115because of112
win a copy of116because of112
112 17942933 4 17942932
113winners4copies53828797
win a copy of114because of113
win a copy of115because of113
win a copy of116because of113
win a copy of117because of113
113 53828798 4 53828797
114winners2copies148530819
win a copy of115because of114
win a copy of116because of114
114 148530820 2 148530819
115winners2copies441114616
win a copy of116because of115
win a copy of117because of115
115 441114617 2 441114616
118winners10copies
win a copy of119because of118
win a copy of120because of118
win a copy of121because of118
win a copy of122because of118
win a copy of123because of118
win a copy of124because of118
win a copy of125because of118
win a copy of126because of118
win a copy of127because of118
win a copy of128because of118
118 1 10 
119winners3copies1
win a copy of120because of119
win a copy of121because of119
win a copy of122because of119
119 2 3 1
120winners8copies4
win a copy of121because of120
win a copy of122because of120
win a copy of123because of120
win a copy of124because of120
win a copy of125because of120
win a copy of126because of120
win a copy of127because of120
win a copy of128because of120
120 5 8 4
121winners2copies13
win a copy of122because of121
win a copy of123because of121
121 14 2 13
122winners2copies40
win a copy of123because of122
win a copy of124because of122
122 41 2 40
123winners2copies118
win a copy of124because of123
win a copy of125because of123
123 119 2 118
124winners4copies328
win a copy of125because of124
win a copy of126because of124
win a copy of127because of124
win a copy of128because of124
124 329 4 328
125winners2copies904
win a copy of126because of125
win a copy of127because of125
125 905 2 904
126winners9copies2476
win a copy of127because of126
win a copy of128because of126
win a copy of129because of126
win a copy of130because of126
win a copy of131because of126
win a copy of132because of126
win a copy of133because of126
win a copy of134because of126
win a copy of135because of126
126 2477 9 2476
127winners6copies7429
win a copy of128because of127
win a copy of129because of127
win a copy of130because of127
win a copy of131because of127
win a copy of132because of127
win a copy of133because of127
127 7430 6 7429
128winners3copies20479
win a copy of129because of128
win a copy of130because of128
win a copy of131because of128
128 20480 3 20479
129winners1copies60771
win a copy of130because of129
129 60772 1 60771
130winners4copies182314
win a copy of131because of130
win a copy of132because of130
win a copy of133because of130
win a copy of134because of130
130 182315 4 182314
131winners3copies425400
win a copy of132because of131
win a copy of133because of131
win a copy of134because of131
131 425401 3 425400
132winners3copies1235242
win a copy of133because of132
win a copy of134because of132
win a copy of135because of132
132 1235243 3 1235242
133winners2copies3705727
win a copy of134because of133
win a copy of135because of133
133 3705728 2 3705727
134winners1copies11102323
win a copy of135because of134
134 11102324 1 11102323
136winners10copies
win a copy of137because of136
win a copy of138because of136
win a copy of139because of136
win a copy of140because of136
win a copy of141because of136
win a copy of142because of136
win a copy of143because of136
win a copy of144because of136
win a copy of145because of136
win a copy of146because of136
136 1 10 
137winners7copies1
win a copy of138because of137
win a copy of139because of137
win a copy of140because of137
win a copy of141because of137
win a copy of142because of137
win a copy of143because of137
win a copy of144because of137
137 2 7 1
138winners10copies4
win a copy of139because of138
win a copy of140because of138
win a copy of141because of138
win a copy of142because of138
win a copy of143because of138
win a copy of144because of138
win a copy of145because of138
win a copy of146because of138
win a copy of147because of138
win a copy of148because of138
138 5 10 4
139winners1copies13
win a copy of140because of139
139 14 1 13
140winners5copies40
win a copy of141because of140
win a copy of142because of140
win a copy of143because of140
win a copy of144because of140
win a copy of145because of140
140 41 5 40
141winners9copies94
win a copy of142because of141
win a copy of143because of141
win a copy of144because of141
win a copy of145because of141
win a copy of146because of141
win a copy of147because of141
win a copy of148because of141
win a copy of149because of141
win a copy of150because of141
141 95 9 94
142winners2copies283
win a copy of143because of142
win a copy of144because of142
142 284 2 283
143winners10copies850
win a copy of144because of143
win a copy of145because of143
win a copy of146because of143
win a copy of147because of143
win a copy of148because of143
win a copy of149because of143
win a copy of150because of143
win a copy of151because of143
win a copy of152because of143
win a copy of153because of143
143 851 10 850
144winners7copies2551
win a copy of145because of144
win a copy of146because of144
win a copy of147because of144
win a copy of148because of144
win a copy of149because of144
win a copy of150because of144
win a copy of151because of144
144 2552 7 2551
145winners10copies7084
win a copy of146because of145
win a copy of147because of145
win a copy of148because of145
win a copy of149because of145
win a copy of150because of145
win a copy of151because of145
win a copy of152because of145
win a copy of153because of145
win a copy of154because of145
win a copy of155because of145
145 7085 10 7084
146winners7copies21172
win a copy of147because of146
win a copy of148because of146
win a copy of149because of146
win a copy of150because of146
win a copy of151because of146
win a copy of152because of146
win a copy of153because of146
146 21173 7 21172
147winners9copies63516
win a copy of148because of147
win a copy of149because of147
win a copy of150because of147
win a copy of151because of147
win a copy of152because of147
win a copy of153because of147
win a copy of154because of147
win a copy of155because of147
win a copy of156because of147
147 63517 9 63516
148winners9copies190549
win a copy of149because of148
win a copy of150because of148
win a copy of151because of148
win a copy of152because of148
win a copy of153because of148
win a copy of154because of148
win a copy of155because of148
win a copy of156because of148
win a copy of157because of148
148 190550 9 190549
149winners7copies571639
win a copy of150because of149
win a copy of151because of149
win a copy of152because of149
win a copy of153because of149
win a copy of154because of149
win a copy of155because of149
win a copy of156because of149
149 571640 7 571639
150winners3copies1714918
win a copy of151because of150
win a copy of152because of150
win a copy of153because of150
150 1714919 3 1714918
151winners7copies5144566
win a copy of152because of151
win a copy of153because of151
win a copy of154because of151
win a copy of155because of151
win a copy of156because of151
win a copy of157because of151
win a copy of158because of151
151 5144567 7 5144566
152winners4copies15428596
win a copy of153because of152
win a copy of154because of152
win a copy of155because of152
win a copy of156because of152
152 15428597 4 15428596
153winners1copies46285789
win a copy of154because of153
153 46285790 1 46285789
154winners4copies135383485
win a copy of155because of154
win a copy of156because of154
win a copy of157because of154
win a copy of158because of154
154 135383486 4 135383485
155winners2copies313578877
win a copy of156because of155
win a copy of157because of155
155 313578878 2 313578877
156winners2copies940722463
win a copy of157because of156
win a copy of158because of156
156 940722464 2 940722463
157winners1copies2790039885
win a copy of158because of157
157 2790039886 1 2790039885
159winners4copies
win a copy of160because of159
win a copy of161because of159
win a copy of162because of159
win a copy of163because of159
159 1 4 
160winners10copies1
win a copy of161because of160
win a copy of162because of160
win a copy of163because of160
win a copy of164because of160
win a copy of165because of160
win a copy of166because of160
win a copy of167because of160
win a copy of168because of160
win a copy of169because of160
win a copy of170because of160
160 2 10 1
161winners7copies4
win a copy of162because of161
win a copy of163because of161
win a copy of164because of161
win a copy of165because of161
win a copy of166because of161
win a copy of167because of161
win a copy of168because of161
161 5 7 4
162winners3copies13
win a copy of163because of162
win a copy of164because of162
win a copy of165because of162
162 14 3 13
163winners3copies40
win a copy of164because of163
win a copy of165because of163
win a copy of166because of163
163 41 3 40
164winners4copies120
win a copy of165because of164
win a copy of166because of164
win a copy of167because of164
win a copy of168because of164
164 121 4 120
165winners3copies361
win a copy of166because of165
win a copy of167because of165
win a copy of168because of165
165 362 3 361
166winners9copies1057
win a copy of167because of166
win a copy of168because of166
win a copy of169because of166
win a copy of170because of166
win a copy of171because of166
win a copy of172because of166
win a copy of173because of166
win a copy of174because of166
win a copy of175because of166
166 1058 9 1057
167winners6copies3091
win a copy of168because of167
win a copy of169because of167
win a copy of170because of167
win a copy of171because of167
win a copy of172because of167
win a copy of173because of167
167 3092 6 3091
168winners5copies9274
win a copy of169because of168
win a copy of170because of168
win a copy of171because of168
win a copy of172because of168
win a copy of173because of168
168 9275 5 9274
169winners10copies26850
win a copy of170because of169
win a copy of171because of169
win a copy of172because of169
win a copy of173because of169
win a copy of174because of169
win a copy of175because of169
win a copy of176because of169
win a copy of177because of169
win a copy of178because of169
win a copy of179because of169
169 26851 10 26850
170winners1copies80551
win a copy of171because of170
170 80552 1 80551
171winners10copies241651
win a copy of172because of171
win a copy of173because of171
win a copy of174because of171
win a copy of175because of171
win a copy of176because of171
win a copy of177because of171
win a copy of178because of171
win a copy of179because of171
win a copy of180because of171
win a copy of181because of171
171 241652 10 241651
173winners6copies563851
win a copy of174because of173
win a copy of175because of173
win a copy of176because of173
win a copy of177because of173
win a copy of178because of173
win a copy of179because of173
173 563852 6 563851
174winners4copies1666822
win a copy of175because of174
win a copy of176because of174
win a copy of177because of174
win a copy of178because of174
174 1666823 4 1666822
175winners5copies5000467
win a copy of176because of175
win a copy of177because of175
win a copy of178because of175
win a copy of179because of175
win a copy of180because of175
175 5000468 5 5000467
176winners1copies14999287
win a copy of177because of176
176 14999288 1 14999287
177winners2copies44997862
win a copy of178because of177
win a copy of179because of177
177 44997863 2 44997862
178winners4copies104995012
win a copy of179because of178
win a copy of180because of178
win a copy of181because of178
win a copy of182because of178
178 104995013 4 104995012
179winners2copies311651392
win a copy of180because of179
win a copy of181because of179
179 311651393 2 311651392
180winners2copies843777048
win a copy of181because of180
win a copy of182because of180
180 843777049 2 843777048
181winners1copies2521330210
win a copy of182because of181
181 2521330211 1 2521330210
183winners7copies
win a copy of184because of183
win a copy of185because of183
win a copy of186because of183
win a copy of187because of183
win a copy of188because of183
win a copy of189because of183
win a copy of190because of183
183 1 7 
184winners10copies1
win a copy of185because of184
win a copy of186because of184
win a copy of187because of184
win a copy of188because of184
win a copy of189because of184
win a copy of190because of184
win a copy of191because of184
win a copy of192because of184
win a copy of193because of184
win a copy of194because of184
184 2 10 1
185winners7copies4
win a copy of186because of185
win a copy of187because of185
win a copy of188because of185
win a copy of189because of185
win a copy of190because of185
win a copy of191because of185
win a copy of192because of185
185 5 7 4
186winners10copies13
win a copy of187because of186
win a copy of188because of186
win a copy of189because of186
win a copy of190because of186
win a copy of191because of186
win a copy of192because of186
win a copy of193because of186
win a copy of194because of186
win a copy of195because of186
win a copy of196because of186
186 14 10 13
187winners7copies40
win a copy of188because of187
win a copy of189because of187
win a copy of190because of187
win a copy of191because of187
win a copy of192because of187
win a copy of193because of187
win a copy of194because of187
187 41 7 40
188winners10copies121
win a copy of189because of188
win a copy of190because of188
win a copy of191because of188
win a copy of192because of188
win a copy of193because of188
win a copy of194because of188
win a copy of195because of188
win a copy of196because of188
win a copy of197because of188
win a copy of198because of188
188 122 10 121
189winners10copies364
win a copy of190because of189
win a copy of191because of189
win a copy of192because of189
win a copy of193because of189
win a copy of194because of189
win a copy of195because of189
win a copy of196because of189
win a copy of197because of189
win a copy of198because of189
win a copy of199because of189
189 365 10 364
190winners2copies1093
win a copy of191because of190
win a copy of192because of190
190 1094 2 1093
191winners10copies3279
win a copy of192because of191
win a copy of193because of191
win a copy of194because of191
win a copy of195because of191
win a copy of196because of191
win a copy of197because of191
win a copy of198because of191
win a copy of199because of191
win a copy of200because of191
win a copy of201because of191
191 3280 10 3279
192winners5copies9838
win a copy of193because of192
win a copy of194because of192
win a copy of195because of192
win a copy of196because of192
win a copy of197because of192
192 9839 5 9838
193winners5copies27319
win a copy of194because of193
win a copy of195because of193
win a copy of196because of193
win a copy of197because of193
win a copy of198because of193
193 27320 5 27319
194winners7copies81958
win a copy of195because of194
win a copy of196because of194
win a copy of197because of194
win a copy of198because of194
win a copy of199because of194
win a copy of200because of194
win a copy of201because of194
194 81959 7 81958
195winners7copies245791
win a copy of196because of195
win a copy of197because of195
win a copy of198because of195
win a copy of199because of195
win a copy of200because of195
win a copy of201because of195
win a copy of202because of195
195 245792 7 245791
201winners1copies662059
win a copy of202because of201
201 662060 1 662059
9218211339
