1 5
2 10
3 4
4 4
5 3
6 9
7 10
9 2
10 6
11 4
13 1
14 2
15 1
18 10
19 2
20 5
21 6
22 1
23 7
24 8
25 3
26 5
27 5
28 1
30 3
31 1
32 1
34 10
36 10
37 2
38 8
39 9
40 3
41 1
43 6
44 4
45 3
46 2
47 1
48 6
50 2
51 1
52 1
55 10
56 1
57 10
58 1
60 7
61 2
62 9
63 4
64 2
65 3
66 8
67 2
68 3
69 9
70 3
72 5
73 3
74 5
75 4
76 2
77 1
80 4
81 10
82 10
83 9
85 3
87 4
89 5
90 2
92 2
93 1
95 10
96 10
97 10
98 10
99 5
101 3
102 4
103 7
104 10
105 3
106 4
107 3
108 7
109 2
110 4
111 2
112 4
113 4
114 2
115 2
118 10
119 3
120 8
121 2
122 2
123 2
124 4
125 2
126 9
127 6
128 3
129 1
130 4
131 3
132 3
133 2
134 1
136 10
137 7
138 10
139 1
140 5
141 9
142 2
143 10
144 7
145 10
146 7
147 9
148 9
149 7
150 3
151 7
152 4
153 1
154 4
155 2
156 2
157 1
159 4
160 10
161 7
162 3
163 3
164 4
165 3
166 9
167 6
168 5
169 10
170 1
171 10
173 6
174 4
175 5
176 1
177 2
178 4
179 2
180 2
181 1
183 7
184 10
185 7
186 10
187 7
188 10
189 10
190 2
191 10
192 5
193 5
194 7
195 7
201 1
18619
